<?xml version="1.0" encoding="UTF-8"?>
<testsuite name="pl.edu.agh.school.SubjectTest" tests="6" skipped="0" failures="0" errors="0" timestamp="2024-11-19T21:16:39" hostname="LAPTOP-M66D72PU" time="0.077">
  <properties/>
  <testcase name="testTeacher()" classname="pl.edu.agh.school.SubjectTest" time="0.041"/>
  <testcase name="testAddMark()" classname="pl.edu.agh.school.SubjectTest" time="0.005"/>
  <testcase name="testAddTerm()" classname="pl.edu.agh.school.SubjectTest" time="0.012"/>
  <testcase name="testGetName()" classname="pl.edu.agh.school.SubjectTest" time="0.005"/>
  <testcase name="testAddLesson()" classname="pl.edu.agh.school.SubjectTest" time="0.004"/>
  <testcase name="testAddSemesterMark()" classname="pl.edu.agh.school.SubjectTest" time="0.005"/>
  <system-out><![CDATA[]]></system-out>
  <system-err><![CDATA[]]></system-err>
</testsuite>
