<?xml version="1.0" encoding="UTF-8"?>
<testsuite name="pl.edu.agh.school.SchoolModuleTest" tests="1" skipped="0" failures="0" errors="0" timestamp="2024-11-19T21:16:39" hostname="LAPTOP-M66D72PU" time="0.004">
  <properties/>
  <testcase name="testLoggerSingleton()" classname="pl.edu.agh.school.SchoolModuleTest" time="0.004"/>
  <system-out><![CDATA[]]></system-out>
  <system-err><![CDATA[]]></system-err>
</testsuite>
