<?xml version="1.0" encoding="UTF-8"?>
<testsuite name="pl.edu.agh.school.LessonTest" tests="3" skipped="0" failures="0" errors="0" timestamp="2024-11-19T21:16:38" hostname="LAPTOP-M66D72PU" time="0.437">
  <properties/>
  <testcase name="testGetSubject()" classname="pl.edu.agh.school.LessonTest" time="0.43"/>
  <testcase name="testGetDate()" classname="pl.edu.agh.school.LessonTest" time="0.002"/>
  <testcase name="testRegisterPresence()" classname="pl.edu.agh.school.LessonTest" time="0.002"/>
  <system-out><![CDATA[]]></system-out>
  <system-err><![CDATA[]]></system-err>
</testsuite>
