<?xml version="1.0" encoding="UTF-8"?>
<testsuite name="pl.edu.agh.school.TermTest" tests="2" skipped="0" failures="0" errors="0" timestamp="2024-11-19T21:16:39" hostname="LAPTOP-M66D72PU" time="0.004">
  <properties/>
  <testcase name="testGetSubject()" classname="pl.edu.agh.school.TermTest" time="0.002"/>
  <testcase name="testTermData()" classname="pl.edu.agh.school.TermTest" time="0.001"/>
  <system-out><![CDATA[]]></system-out>
  <system-err><![CDATA[]]></system-err>
</testsuite>
